Using pre-set license

 COMMAND LINE ARGUMENTS:
/Users/daniel/Downloads/UnityEditorFolder/2020.3.11f1/Unity.app/Contents/MacOS/Unity
-adb2
-batchMode
-noUpm
-name
AssetImportWorker0
-projectPath
/Users/daniel/Downloads/UnityEditorFolder/test_games/2dgame_2/2dgame_2
-logFile
Logs/AssetImportWorker0.log
-srvPort
50844
Successfully changed project path to: /Users/daniel/Downloads/UnityEditorFolder/test_games/2dgame_2/2dgame_2
/Users/daniel/Downloads/UnityEditorFolder/test_games/2dgame_2/2dgame_2
Using Asset Import Pipeline V2.
Refreshing native plugins compatible for Editor in 37.11 ms, found 3 plugins.
Preloading 0 native plugins for Editor in 0.00 ms.
Initialize engine version: 2020.3.11f1 (99c7afb366b3)
[Subsystems] Discovering subsystems at path /Users/daniel/Downloads/UnityEditorFolder/2020.3.11f1/Unity.app/Contents/Resources/UnitySubsystems
[Subsystems] Discovering subsystems at path /Users/daniel/Downloads/UnityEditorFolder/test_games/2dgame_2/2dgame_2/Assets
GfxDevice: creating device client; threaded=0
2022-07-09 00:12:23.557 Unity[61036:12600675] (null) preferred device: Apple M1 (high power)
2022-07-09 00:12:23.557 Unity[61036:12600675] Metal devices available: 1
2022-07-09 00:12:23.557 Unity[61036:12600675] 0: Apple M1 (high power)
2022-07-09 00:12:23.557 Unity[61036:12600675] Using device Apple M1 (high power)
Initializing Metal device caps: Apple M1
Initialize mono
Mono path[0] = '/Users/daniel/Downloads/UnityEditorFolder/2020.3.11f1/Unity.app/Contents/Managed'
Mono path[1] = '/Users/daniel/Downloads/UnityEditorFolder/2020.3.11f1/Unity.app/Contents/MonoBleedingEdge/lib/mono/unityjit'
Mono config path = '/Users/daniel/Downloads/UnityEditorFolder/2020.3.11f1/Unity.app/Contents/MonoBleedingEdge/etc'
Using monoOptions --debugger-agent=transport=dt_socket,embedding=1,server=y,suspend=n,address=127.0.0.1:56036
Begin MonoManager ReloadAssembly
Registering precompiled unity dll's ...
Register platform support module: /Users/daniel/Downloads/UnityEditorFolder/2020.3.11f1/Unity.app/Contents/PlaybackEngines/MacStandaloneSupport/UnityEditor.OSXStandalone.Extensions.dll
Registered in 0.000397 seconds.
Native extension for OSXStandalone target not found
Refreshing native plugins compatible for Editor in 39.27 ms, found 3 plugins.
Preloading 0 native plugins for Editor in 0.00 ms.
Mono: successfully reloaded assembly
- Completed reload, in  2.334 seconds
Platform modules already initialized, skipping
Registering precompiled user dll's ...
Registered in 0.002940 seconds.
Begin MonoManager ReloadAssembly
Native extension for OSXStandalone target not found
Refreshing native plugins compatible for Editor in 38.58 ms, found 3 plugins.
Preloading 0 native plugins for Editor in 0.00 ms.
Mono: successfully reloaded assembly
- Completed reload, in  2.376 seconds
Platform modules already initialized, skipping
========================================================================
Worker process is ready to serve import requests
Launching external process: /Users/daniel/Downloads/UnityEditorFolder/2020.3.11f1/Unity.app/Contents/Tools/UnityShaderCompiler
Launched and connected shader compiler UnityShaderCompiler after 0.02 seconds
Refreshing native plugins compatible for Editor in 0.41 ms, found 3 plugins.
Preloading 0 native plugins for Editor in 0.00 ms.
Unloading 2233 Unused Serialized files (Serialized files now loaded: 0)
System memory in use before: 176.2 MB.
System memory in use after: 176.2 MB.

Unloading 33 unused Assets to reduce memory usage. Loaded Objects now: 2668.
Total: 1.817291 ms (FindLiveObjects: 0.244583 ms CreateObjectMapping: 0.044791 ms MarkObjects: 1.410417 ms  DeleteObjects: 0.115833 ms)

========================================================================
Received Import Request.
  path: Assets/Scenes/Level 3.unity
  artifactKey: Guid(cd3e77c7fb62a4206b2686fa661cb8e4) Importer(815301076,1909f56bfc062723c751e8b465ee728b)
Start importing Assets/Scenes/Level 3.unity using Guid(cd3e77c7fb62a4206b2686fa661cb8e4) Importer(815301076,1909f56bfc062723c751e8b465ee728b)  -> (artifact id: '3b804e4b679c3abee9992e5ae3e7457b') in 0.019744 seconds
  Import took 0.023986 seconds .

========================================================================
Received Import Request.
  Time since last request: 0.000187 seconds.
  path: Assets/Scenes/Level 5.unity
  artifactKey: Guid(c55a4b3de77cf4ccf9ad9b50b24fb4f1) Importer(815301076,1909f56bfc062723c751e8b465ee728b)
Start importing Assets/Scenes/Level 5.unity using Guid(c55a4b3de77cf4ccf9ad9b50b24fb4f1) Importer(815301076,1909f56bfc062723c751e8b465ee728b)  -> (artifact id: '35a8ea14010d366ce841eaa088338284') in 0.001072 seconds
  Import took 0.004252 seconds .

========================================================================
Received Import Request.
  Time since last request: 0.000278 seconds.
  path: Assets/Scenes/Level 2.unity
  artifactKey: Guid(5aaf699b1dc554772a92c6a4e69cb877) Importer(815301076,1909f56bfc062723c751e8b465ee728b)
Start importing Assets/Scenes/Level 2.unity using Guid(5aaf699b1dc554772a92c6a4e69cb877) Importer(815301076,1909f56bfc062723c751e8b465ee728b)  -> (artifact id: '9183a64ebe9992c83f1b17feb969bc81') in 0.000953 seconds
  Import took 0.003678 seconds .

========================================================================
Received Import Request.
  Time since last request: 0.000266 seconds.
  path: Assets/Scenes/Level 4.unity
  artifactKey: Guid(dea225b8fc238437d9ea69e0fefa6964) Importer(815301076,1909f56bfc062723c751e8b465ee728b)
Start importing Assets/Scenes/Level 4.unity using Guid(dea225b8fc238437d9ea69e0fefa6964) Importer(815301076,1909f56bfc062723c751e8b465ee728b)  -> (artifact id: '6fce47daccd9bfc84d93aa300b76b80b') in 0.001043 seconds
  Import took 0.003710 seconds .

========================================================================
Received Prepare
Refreshing native plugins compatible for Editor in 2.11 ms, found 3 plugins.
Preloading 0 native plugins for Editor in 0.00 ms.
Unloading 19 Unused Serialized files (Serialized files now loaded: 0)
System memory in use before: 132.6 MB.
System memory in use after: 132.6 MB.

Unloading 19 unused Assets to reduce memory usage. Loaded Objects now: 2668.
Total: 2.224666 ms (FindLiveObjects: 0.165708 ms CreateObjectMapping: 0.044417 ms MarkObjects: 1.919292 ms  DeleteObjects: 0.094584 ms)

